cheems -> (-1, -1)
; -> (-1, -1)
cheems -> (-1, -1)
; -> (-1, -1)
cheems -> (-1, -1)
; -> (-1, -1)
= -> (-1, -1)
; -> (-1, -1)
= -> (-1, -1)
; -> (-1, -1)
citireInCafea -> (-1, -1)
( -> (-1, -1)
, -> (-1, -1)
) -> (-1, -1)
; -> (-1, -1)
daca -> (-1, -1)
( -> (-1, -1)
< -> (-1, -1)
&& -> (-1, -1)
< -> (-1, -1)
) -> (-1, -1)
{ -> (-1, -1)
tzipaPeEcran -> (-1, -1)
( -> (-1, -1)
+ -> (-1, -1)
) -> (-1, -1)
; -> (-1, -1)
} -> (-1, -1)
dacaDoarCaNuAsaCiAsa -> (-1, -1)
( -> (-1, -1)
< -> (-1, -1)
) -> (-1, -1)
{ -> (-1, -1)
tzipaPeEcran -> (-1, -1)
( -> (-1, -1)
+ -> (-1, -1)
) -> (-1, -1)
; -> (-1, -1)
} -> (-1, -1)
{ -> (-1, -1)
tzipaPeEcran -> (-1, -1)
( -> (-1, -1)
+ -> (-1, -1)
) -> (-1, -1)
; -> (-1, -1)
} -> (-1, -1)
